{"C:\\node\\ZeeSlag\\model\\gameboard.js":{"path":"C:\\node\\ZeeSlag\\model\\gameboard.js","s":{"1":1,"2":1,"3":1,"4":1,"5":1,"6":1,"7":1,"8":1,"9":1,"10":1,"11":1,"12":5,"13":5,"14":5,"15":4,"16":4,"17":5,"18":1,"19":10,"20":10,"21":20,"22":20,"23":20,"24":38,"25":6,"26":6,"27":6,"28":6,"29":38,"30":19,"31":19,"32":10,"33":10,"34":1,"35":7,"36":7,"37":7,"38":7,"39":7,"40":7,"41":1,"42":1,"43":6,"44":6,"45":30,"46":30,"47":30,"48":30,"49":30,"50":29,"51":1,"52":30,"53":101,"54":86,"55":1,"56":1,"57":86,"58":2,"59":2,"60":86,"61":1,"62":1,"63":101,"64":101,"65":6,"66":1,"67":101,"68":30,"69":71,"70":101,"71":1,"72":1},"b":{"1":[4,1],"2":[6,32],"3":[19,19],"4":[1,6],"5":[29,1],"6":[86,15],"7":[1,85],"8":[2,84],"9":[1,85],"10":[30,71]},"f":{"1":5,"2":10,"3":20,"4":7,"5":101},"fnMap":{"1":{"name":"(anonymous_1)","line":32,"loc":{"start":{"line":32,"column":43},"end":{"line":33,"column":2}}},"2":{"name":"(anonymous_2)","line":46,"loc":{"start":{"line":46,"column":38},"end":{"line":46,"column":53}}},"3":{"name":"(anonymous_3)","line":51,"loc":{"start":{"line":51,"column":25},"end":{"line":51,"column":39}}},"4":{"name":"(anonymous_4)","line":88,"loc":{"start":{"line":88,"column":36},"end":{"line":88,"column":47}}},"5":{"name":"getNextCoord","line":151,"loc":{"start":{"line":151,"column":2},"end":{"line":151,"column":42}}}},"statementMap":{"1":{"start":{"line":1,"column":0},"end":{"line":1,"column":35}},"2":{"start":{"line":2,"column":0},"end":{"line":2,"column":29}},"3":{"start":{"line":3,"column":0},"end":{"line":3,"column":51}},"4":{"start":{"line":4,"column":0},"end":{"line":4,"column":30}},"5":{"start":{"line":6,"column":0},"end":{"line":6,"column":55}},"6":{"start":{"line":7,"column":0},"end":{"line":7,"column":46}},"7":{"start":{"line":11,"column":2},"end":{"line":14,"column":5}},"8":{"start":{"line":16,"column":2},"end":{"line":16,"column":50}},"9":{"start":{"line":19,"column":2},"end":{"line":28,"column":5}},"10":{"start":{"line":30,"column":2},"end":{"line":30,"column":60}},"11":{"start":{"line":32,"column":2},"end":{"line":44,"column":3}},"12":{"start":{"line":34,"column":6},"end":{"line":34,"column":25}},"13":{"start":{"line":36,"column":6},"end":{"line":41,"column":7}},"14":{"start":{"line":37,"column":10},"end":{"line":40,"column":11}},"15":{"start":{"line":38,"column":12},"end":{"line":38,"column":28}},"16":{"start":{"line":39,"column":12},"end":{"line":39,"column":38}},"17":{"start":{"line":43,"column":6},"end":{"line":43,"column":21}},"18":{"start":{"line":46,"column":2},"end":{"line":80,"column":3}},"19":{"start":{"line":48,"column":6},"end":{"line":48,"column":25}},"20":{"start":{"line":51,"column":6},"end":{"line":76,"column":9}},"21":{"start":{"line":53,"column":8},"end":{"line":53,"column":33}},"22":{"start":{"line":54,"column":8},"end":{"line":54,"column":33}},"23":{"start":{"line":57,"column":8},"end":{"line":75,"column":9}},"24":{"start":{"line":59,"column":10},"end":{"line":64,"column":11}},"25":{"start":{"line":60,"column":14},"end":{"line":60,"column":35}},"26":{"start":{"line":61,"column":14},"end":{"line":61,"column":32}},"27":{"start":{"line":62,"column":14},"end":{"line":62,"column":28}},"28":{"start":{"line":63,"column":14},"end":{"line":63,"column":34}},"29":{"start":{"line":67,"column":10},"end":{"line":74,"column":11}},"30":{"start":{"line":69,"column":12},"end":{"line":69,"column":16}},"31":{"start":{"line":73,"column":12},"end":{"line":73,"column":57}},"32":{"start":{"line":78,"column":6},"end":{"line":78,"column":28}},"33":{"start":{"line":79,"column":6},"end":{"line":79,"column":20}},"34":{"start":{"line":88,"column":2},"end":{"line":149,"column":4}},"35":{"start":{"line":91,"column":4},"end":{"line":91,"column":29}},"36":{"start":{"line":93,"column":4},"end":{"line":93,"column":60}},"37":{"start":{"line":94,"column":4},"end":{"line":94,"column":48}},"38":{"start":{"line":95,"column":4},"end":{"line":95,"column":26}},"39":{"start":{"line":96,"column":4},"end":{"line":96,"column":39}},"40":{"start":{"line":98,"column":4},"end":{"line":101,"column":5}},"41":{"start":{"line":99,"column":6},"end":{"line":99,"column":79}},"42":{"start":{"line":100,"column":6},"end":{"line":100,"column":29}},"43":{"start":{"line":104,"column":4},"end":{"line":104,"column":23}},"44":{"start":{"line":105,"column":4},"end":{"line":145,"column":5}},"45":{"start":{"line":107,"column":8},"end":{"line":107,"column":37}},"46":{"start":{"line":108,"column":8},"end":{"line":108,"column":63}},"47":{"start":{"line":109,"column":8},"end":{"line":109,"column":31}},"48":{"start":{"line":112,"column":8},"end":{"line":112,"column":55}},"49":{"start":{"line":113,"column":8},"end":{"line":116,"column":9}},"50":{"start":{"line":113,"column":28},"end":{"line":113,"column":59}},"51":{"start":{"line":115,"column":10},"end":{"line":115,"column":103}},"52":{"start":{"line":118,"column":8},"end":{"line":143,"column":9}},"53":{"start":{"line":121,"column":10},"end":{"line":139,"column":11}},"54":{"start":{"line":123,"column":12},"end":{"line":126,"column":13}},"55":{"start":{"line":124,"column":14},"end":{"line":124,"column":34}},"56":{"start":{"line":125,"column":14},"end":{"line":125,"column":100}},"57":{"start":{"line":129,"column":12},"end":{"line":132,"column":13}},"58":{"start":{"line":130,"column":14},"end":{"line":130,"column":34}},"59":{"start":{"line":131,"column":14},"end":{"line":131,"column":96}},"60":{"start":{"line":135,"column":12},"end":{"line":138,"column":13}},"61":{"start":{"line":136,"column":14},"end":{"line":136,"column":34}},"62":{"start":{"line":137,"column":14},"end":{"line":137,"column":99}},"63":{"start":{"line":141,"column":10},"end":{"line":141,"column":54}},"64":{"start":{"line":142,"column":10},"end":{"line":142,"column":55}},"65":{"start":{"line":147,"column":4},"end":{"line":147,"column":27}},"66":{"start":{"line":151,"column":2},"end":{"line":159,"column":3}},"67":{"start":{"line":152,"column":4},"end":{"line":156,"column":5}},"68":{"start":{"line":153,"column":6},"end":{"line":153,"column":16}},"69":{"start":{"line":155,"column":6},"end":{"line":155,"column":62}},"70":{"start":{"line":158,"column":4},"end":{"line":158,"column":17}},"71":{"start":{"line":161,"column":2},"end":{"line":161,"column":37}},"72":{"start":{"line":162,"column":2},"end":{"line":162,"column":47}}},"branchMap":{"1":{"line":37,"type":"if","locations":[{"start":{"line":37,"column":10},"end":{"line":37,"column":10}},{"start":{"line":37,"column":10},"end":{"line":37,"column":10}}]},"2":{"line":59,"type":"if","locations":[{"start":{"line":59,"column":10},"end":{"line":59,"column":10}},{"start":{"line":59,"column":10},"end":{"line":59,"column":10}}]},"3":{"line":67,"type":"if","locations":[{"start":{"line":67,"column":10},"end":{"line":67,"column":10}},{"start":{"line":67,"column":10},"end":{"line":67,"column":10}}]},"4":{"line":98,"type":"if","locations":[{"start":{"line":98,"column":4},"end":{"line":98,"column":4}},{"start":{"line":98,"column":4},"end":{"line":98,"column":4}}]},"5":{"line":113,"type":"if","locations":[{"start":{"line":113,"column":8},"end":{"line":113,"column":8}},{"start":{"line":113,"column":8},"end":{"line":113,"column":8}}]},"6":{"line":121,"type":"if","locations":[{"start":{"line":121,"column":10},"end":{"line":121,"column":10}},{"start":{"line":121,"column":10},"end":{"line":121,"column":10}}]},"7":{"line":123,"type":"if","locations":[{"start":{"line":123,"column":12},"end":{"line":123,"column":12}},{"start":{"line":123,"column":12},"end":{"line":123,"column":12}}]},"8":{"line":129,"type":"if","locations":[{"start":{"line":129,"column":12},"end":{"line":129,"column":12}},{"start":{"line":129,"column":12},"end":{"line":129,"column":12}}]},"9":{"line":135,"type":"if","locations":[{"start":{"line":135,"column":12},"end":{"line":135,"column":12}},{"start":{"line":135,"column":12},"end":{"line":135,"column":12}}]},"10":{"line":152,"type":"if","locations":[{"start":{"line":152,"column":4},"end":{"line":152,"column":4}},{"start":{"line":152,"column":4},"end":{"line":152,"column":4}}]}}},"C:\\node\\ZeeSlag\\config\\database.js":{"path":"C:\\node\\ZeeSlag\\config\\database.js","s":{"1":1},"b":{},"f":{},"fnMap":{},"statementMap":{"1":{"start":{"line":1,"column":0},"end":{"line":6,"column":1}}},"branchMap":{}},"C:\\node\\ZeeSlag\\model\\game.js":{"path":"C:\\node\\ZeeSlag\\model\\game.js","s":{"1":1,"2":1,"3":1,"4":1,"5":1,"6":1,"7":1,"8":1,"9":1,"10":1,"11":1,"12":2,"13":2,"14":1,"15":1,"16":1,"17":0,"18":1,"19":1,"20":9,"21":1,"22":4,"23":1,"24":3,"25":3,"26":0,"27":1,"28":9,"29":1,"30":8,"31":8,"32":0,"33":1},"b":{"1":[1,1],"2":[0,1],"3":[9,8],"4":[1,3],"5":[3,0],"6":[1,8],"7":[8,0]},"f":{"1":1,"2":2,"3":9,"4":4,"5":9},"fnMap":{"1":{"name":"search","line":29,"loc":{"start":{"line":29,"column":29},"end":{"line":29,"column":58}}},"2":{"name":"(anonymous_2)","line":36,"loc":{"start":{"line":36,"column":27},"end":{"line":36,"column":37}}},"3":{"name":"(anonymous_3)","line":52,"loc":{"start":{"line":52,"column":36},"end":{"line":53,"column":0}}},"4":{"name":"(anonymous_4)","line":59,"loc":{"start":{"line":59,"column":36},"end":{"line":60,"column":0}}},"5":{"name":"(anonymous_5)","line":74,"loc":{"start":{"line":74,"column":39},"end":{"line":75,"column":0}}}},"statementMap":{"1":{"start":{"line":1,"column":0},"end":{"line":1,"column":35}},"2":{"start":{"line":2,"column":0},"end":{"line":2,"column":29}},"3":{"start":{"line":3,"column":0},"end":{"line":3,"column":44}},"4":{"start":{"line":5,"column":0},"end":{"line":5,"column":55}},"5":{"start":{"line":6,"column":0},"end":{"line":6,"column":46}},"6":{"start":{"line":8,"column":0},"end":{"line":18,"column":3}},"7":{"start":{"line":20,"column":0},"end":{"line":20,"column":48}},"8":{"start":{"line":22,"column":0},"end":{"line":27,"column":2}},"9":{"start":{"line":29,"column":0},"end":{"line":34,"column":1}},"10":{"start":{"line":30,"column":4},"end":{"line":33,"column":16}},"11":{"start":{"line":36,"column":0},"end":{"line":50,"column":1}},"12":{"start":{"line":37,"column":3},"end":{"line":37,"column":27}},"13":{"start":{"line":39,"column":3},"end":{"line":49,"column":5}},"14":{"start":{"line":40,"column":6},"end":{"line":40,"column":31}},"15":{"start":{"line":43,"column":5},"end":{"line":43,"column":56}},"16":{"start":{"line":45,"column":5},"end":{"line":48,"column":33}},"17":{"start":{"line":46,"column":8},"end":{"line":46,"column":33}},"18":{"start":{"line":48,"column":8},"end":{"line":48,"column":33}},"19":{"start":{"line":52,"column":0},"end":{"line":55,"column":1}},"20":{"start":{"line":54,"column":2},"end":{"line":54,"column":72}},"21":{"start":{"line":59,"column":0},"end":{"line":70,"column":1}},"22":{"start":{"line":61,"column":4},"end":{"line":69,"column":5}},"23":{"start":{"line":62,"column":6},"end":{"line":62,"column":48}},"24":{"start":{"line":64,"column":9},"end":{"line":69,"column":5}},"25":{"start":{"line":65,"column":6},"end":{"line":65,"column":48}},"26":{"start":{"line":68,"column":6},"end":{"line":68,"column":86}},"27":{"start":{"line":74,"column":0},"end":{"line":85,"column":1}},"28":{"start":{"line":76,"column":4},"end":{"line":84,"column":5}},"29":{"start":{"line":77,"column":7},"end":{"line":77,"column":49}},"30":{"start":{"line":79,"column":9},"end":{"line":84,"column":5}},"31":{"start":{"line":80,"column":8},"end":{"line":80,"column":50}},"32":{"start":{"line":83,"column":6},"end":{"line":83,"column":86}},"33":{"start":{"line":88,"column":0},"end":{"line":88,"column":35}}},"branchMap":{"1":{"line":39,"type":"if","locations":[{"start":{"line":39,"column":3},"end":{"line":39,"column":3}},{"start":{"line":39,"column":3},"end":{"line":39,"column":3}}]},"2":{"line":45,"type":"if","locations":[{"start":{"line":45,"column":5},"end":{"line":45,"column":5}},{"start":{"line":45,"column":5},"end":{"line":45,"column":5}}]},"3":{"line":54,"type":"binary-expr","locations":[{"start":{"line":54,"column":9},"end":{"line":54,"column":38}},{"start":{"line":54,"column":42},"end":{"line":54,"column":71}}]},"4":{"line":61,"type":"if","locations":[{"start":{"line":61,"column":4},"end":{"line":61,"column":4}},{"start":{"line":61,"column":4},"end":{"line":61,"column":4}}]},"5":{"line":64,"type":"if","locations":[{"start":{"line":64,"column":9},"end":{"line":64,"column":9}},{"start":{"line":64,"column":9},"end":{"line":64,"column":9}}]},"6":{"line":76,"type":"if","locations":[{"start":{"line":76,"column":4},"end":{"line":76,"column":4}},{"start":{"line":76,"column":4},"end":{"line":76,"column":4}}]},"7":{"line":79,"type":"if","locations":[{"start":{"line":79,"column":9},"end":{"line":79,"column":9}},{"start":{"line":79,"column":9},"end":{"line":79,"column":9}}]}}},"C:\\node\\ZeeSlag\\model\\user.js":{"path":"C:\\node\\ZeeSlag\\model\\user.js","s":{"1":1,"2":1,"3":1,"4":1,"5":0,"6":1,"7":0,"8":1},"b":{},"f":{"1":0,"2":0},"fnMap":{"1":{"name":"(anonymous_1)","line":34,"loc":{"start":{"line":34,"column":34},"end":{"line":34,"column":53}}},"2":{"name":"(anonymous_2)","line":39,"loc":{"start":{"line":39,"column":35},"end":{"line":39,"column":54}}}},"statementMap":{"1":{"start":{"line":1,"column":0},"end":{"line":1,"column":35}},"2":{"start":{"line":2,"column":0},"end":{"line":2,"column":40}},"3":{"start":{"line":5,"column":0},"end":{"line":30,"column":3}},"4":{"start":{"line":34,"column":0},"end":{"line":36,"column":2}},"5":{"start":{"line":35,"column":4},"end":{"line":35,"column":66}},"6":{"start":{"line":39,"column":0},"end":{"line":41,"column":2}},"7":{"start":{"line":40,"column":4},"end":{"line":40,"column":61}},"8":{"start":{"line":43,"column":0},"end":{"line":43,"column":52}}},"branchMap":{}},"C:\\node\\ZeeSlag\\routes\\gameboard.js":{"path":"C:\\node\\ZeeSlag\\routes\\gameboard.js","s":{"1":1,"2":1,"3":1,"4":1,"5":1,"6":1,"7":1,"8":1,"9":8,"10":1,"11":7,"12":1,"13":6,"14":1,"15":5,"16":1,"17":4,"18":1,"19":3,"20":3,"21":3,"22":0,"23":3,"24":3,"25":3,"26":0,"27":3,"28":0,"29":3,"30":3,"31":3,"32":0,"33":3,"34":1,"35":1,"36":1,"37":2,"38":0,"39":1,"40":3,"41":1,"42":2,"43":3,"44":1,"45":3,"46":2,"47":3,"48":3,"49":0,"50":3,"51":1,"52":8,"53":8,"54":8,"55":8,"56":0,"57":8,"58":0,"59":8,"60":0,"61":8,"62":0,"63":8,"64":8,"65":8,"66":8,"67":8,"68":4,"69":4,"70":4,"71":4,"72":3,"73":3,"74":3,"75":3,"76":3,"77":3,"78":2,"79":0,"80":0,"81":0,"82":2,"83":3,"84":3,"85":1,"86":1,"87":2,"88":1,"89":0,"90":0,"91":1,"92":1,"93":1,"94":1,"95":1,"96":1,"97":1,"98":1,"99":1,"100":1,"101":0,"102":0,"103":1,"104":1,"105":1,"106":1,"107":1,"108":1,"109":1,"110":1,"111":1},"b":{"1":[1,7],"2":[1,6],"3":[1,5],"4":[1,4],"5":[0,3],"6":[3,0],"7":[3,3],"8":[0,3],"9":[0,3],"10":[0,3],"11":[1,2],"12":[1,2],"13":[1,2],"14":[2,1],"15":[3,2],"16":[0,3],"17":[0,8],"18":[0,8],"19":[0,8],"20":[0,8],"21":[8,0],"22":[4,4],"23":[3,1],"24":[1,2],"25":[2,1],"26":[0,2],"27":[1,2],"28":[0,1],"29":[0,1]},"f":{"1":8,"2":3,"3":3,"4":3,"5":3,"6":1,"7":3,"8":3,"9":8,"10":8,"11":8,"12":3,"13":3,"14":1,"15":1,"16":1,"17":1,"18":1},"fnMap":{"1":{"name":"validateHit","line":10,"loc":{"start":{"line":10,"column":0},"end":{"line":11,"column":0}}},"2":{"name":"(anonymous_2)","line":25,"loc":{"start":{"line":25,"column":23},"end":{"line":25,"column":48}}},"3":{"name":"(anonymous_3)","line":30,"loc":{"start":{"line":30,"column":9},"end":{"line":30,"column":28}}},"4":{"name":"(anonymous_4)","line":40,"loc":{"start":{"line":40,"column":39},"end":{"line":40,"column":63}}},"5":{"name":"(anonymous_5)","line":48,"loc":{"start":{"line":48,"column":22},"end":{"line":48,"column":46}}},"6":{"name":"(anonymous_6)","line":56,"loc":{"start":{"line":56,"column":27},"end":{"line":56,"column":53}}},"7":{"name":"SetGameboardsToGame","line":78,"loc":{"start":{"line":78,"column":0},"end":{"line":78,"column":68}}},"8":{"name":"(anonymous_8)","line":95,"loc":{"start":{"line":95,"column":11},"end":{"line":95,"column":30}}},"9":{"name":"(anonymous_9)","line":113,"loc":{"start":{"line":113,"column":23},"end":{"line":113,"column":47}}},"10":{"name":"(anonymous_10)","line":118,"loc":{"start":{"line":118,"column":9},"end":{"line":118,"column":28}}},"11":{"name":"(anonymous_11)","line":141,"loc":{"start":{"line":141,"column":42},"end":{"line":141,"column":66}}},"12":{"name":"(anonymous_12)","line":159,"loc":{"start":{"line":159,"column":22},"end":{"line":159,"column":46}}},"13":{"name":"(anonymous_13)","line":180,"loc":{"start":{"line":180,"column":18},"end":{"line":180,"column":37}}},"14":{"name":"(anonymous_14)","line":205,"loc":{"start":{"line":205,"column":4},"end":{"line":205,"column":28}}},"15":{"name":"(anonymous_15)","line":209,"loc":{"start":{"line":209,"column":34},"end":{"line":209,"column":58}}},"16":{"name":"(anonymous_16)","line":221,"loc":{"start":{"line":221,"column":18},"end":{"line":221,"column":42}}},"17":{"name":"(anonymous_17)","line":229,"loc":{"start":{"line":229,"column":14},"end":{"line":229,"column":33}}},"18":{"name":"RandomShot","line":236,"loc":{"start":{"line":236,"column":0},"end":{"line":236,"column":21}}}},"statementMap":{"1":{"start":{"line":1,"column":0},"end":{"line":1,"column":33}},"2":{"start":{"line":2,"column":0},"end":{"line":2,"column":35}},"3":{"start":{"line":3,"column":0},"end":{"line":3,"column":30}},"4":{"start":{"line":5,"column":0},"end":{"line":5,"column":30}},"5":{"start":{"line":6,"column":0},"end":{"line":6,"column":44}},"6":{"start":{"line":7,"column":0},"end":{"line":7,"column":34}},"7":{"start":{"line":8,"column":0},"end":{"line":8,"column":46}},"8":{"start":{"line":10,"column":0},"end":{"line":17,"column":1}},"9":{"start":{"line":12,"column":1},"end":{"line":12,"column":67}},"10":{"start":{"line":12,"column":32},"end":{"line":12,"column":65}},"11":{"start":{"line":13,"column":1},"end":{"line":13,"column":56}},"12":{"start":{"line":13,"column":14},"end":{"line":13,"column":55}},"13":{"start":{"line":14,"column":1},"end":{"line":14,"column":56}},"14":{"start":{"line":14,"column":14},"end":{"line":14,"column":55}},"15":{"start":{"line":15,"column":1},"end":{"line":15,"column":74}},"16":{"start":{"line":15,"column":20},"end":{"line":15,"column":73}},"17":{"start":{"line":16,"column":1},"end":{"line":16,"column":18}},"18":{"start":{"line":22,"column":0},"end":{"line":76,"column":4}},"19":{"start":{"line":27,"column":2},"end":{"line":27,"column":29}},"20":{"start":{"line":29,"column":2},"end":{"line":75,"column":6}},"21":{"start":{"line":33,"column":4},"end":{"line":34,"column":70}},"22":{"start":{"line":34,"column":5},"end":{"line":34,"column":70}},"23":{"start":{"line":37,"column":4},"end":{"line":73,"column":5}},"24":{"start":{"line":40,"column":5},"end":{"line":67,"column":8}},"25":{"start":{"line":41,"column":6},"end":{"line":41,"column":28}},"26":{"start":{"line":41,"column":14},"end":{"line":41,"column":27}},"27":{"start":{"line":42,"column":6},"end":{"line":66,"column":7}},"28":{"start":{"line":42,"column":20},"end":{"line":42,"column":110}},"29":{"start":{"line":46,"column":7},"end":{"line":46,"column":47}},"30":{"start":{"line":48,"column":7},"end":{"line":65,"column":10}},"31":{"start":{"line":50,"column":8},"end":{"line":64,"column":9}},"32":{"start":{"line":50,"column":16},"end":{"line":50,"column":30}},"33":{"start":{"line":54,"column":9},"end":{"line":63,"column":10}},"34":{"start":{"line":55,"column":10},"end":{"line":55,"column":52}},"35":{"start":{"line":56,"column":10},"end":{"line":58,"column":13}},"36":{"start":{"line":57,"column":11},"end":{"line":57,"column":71}},"37":{"start":{"line":62,"column":10},"end":{"line":62,"column":57}},"38":{"start":{"line":72,"column":5},"end":{"line":72,"column":111}},"39":{"start":{"line":78,"column":0},"end":{"line":99,"column":1}},"40":{"start":{"line":80,"column":1},"end":{"line":83,"column":29}},"41":{"start":{"line":81,"column":1},"end":{"line":81,"column":29}},"42":{"start":{"line":83,"column":1},"end":{"line":83,"column":29}},"43":{"start":{"line":85,"column":1},"end":{"line":87,"column":2}},"44":{"start":{"line":86,"column":2},"end":{"line":86,"column":32}},"45":{"start":{"line":90,"column":1},"end":{"line":92,"column":2}},"46":{"start":{"line":91,"column":2},"end":{"line":91,"column":15}},"47":{"start":{"line":95,"column":1},"end":{"line":98,"column":4}},"48":{"start":{"line":96,"column":2},"end":{"line":97,"column":57}},"49":{"start":{"line":96,"column":10},"end":{"line":96,"column":24}},"50":{"start":{"line":97,"column":8},"end":{"line":97,"column":56}},"51":{"start":{"line":111,"column":0},"end":{"line":234,"column":4}},"52":{"start":{"line":115,"column":2},"end":{"line":115,"column":29}},"53":{"start":{"line":117,"column":2},"end":{"line":204,"column":6}},"54":{"start":{"line":120,"column":4},"end":{"line":120,"column":20}},"55":{"start":{"line":123,"column":4},"end":{"line":124,"column":70}},"56":{"start":{"line":124,"column":5},"end":{"line":124,"column":70}},"57":{"start":{"line":127,"column":4},"end":{"line":128,"column":92}},"58":{"start":{"line":128,"column":5},"end":{"line":128,"column":92}},"59":{"start":{"line":130,"column":4},"end":{"line":131,"column":99}},"60":{"start":{"line":131,"column":5},"end":{"line":131,"column":99}},"61":{"start":{"line":133,"column":4},"end":{"line":134,"column":95}},"62":{"start":{"line":134,"column":5},"end":{"line":134,"column":95}},"63":{"start":{"line":138,"column":4},"end":{"line":203,"column":5}},"64":{"start":{"line":141,"column":5},"end":{"line":202,"column":8}},"65":{"start":{"line":143,"column":6},"end":{"line":143,"column":27}},"66":{"start":{"line":146,"column":6},"end":{"line":146,"column":37}},"67":{"start":{"line":147,"column":6},"end":{"line":147,"column":60}},"68":{"start":{"line":147,"column":16},"end":{"line":147,"column":59}},"69":{"start":{"line":150,"column":6},"end":{"line":150,"column":34}},"70":{"start":{"line":152,"column":6},"end":{"line":152,"column":58}},"71":{"start":{"line":155,"column":6},"end":{"line":201,"column":7}},"72":{"start":{"line":157,"column":7},"end":{"line":157,"column":46}},"73":{"start":{"line":159,"column":7},"end":{"line":190,"column":10}},"74":{"start":{"line":161,"column":8},"end":{"line":161,"column":86}},"75":{"start":{"line":162,"column":8},"end":{"line":162,"column":28}},"76":{"start":{"line":163,"column":8},"end":{"line":163,"column":32}},"77":{"start":{"line":164,"column":8},"end":{"line":178,"column":9}},"78":{"start":{"line":168,"column":9},"end":{"line":177,"column":10}},"79":{"start":{"line":170,"column":10},"end":{"line":170,"column":48}},"80":{"start":{"line":171,"column":10},"end":{"line":171,"column":37}},"81":{"start":{"line":172,"column":10},"end":{"line":172,"column":30}},"82":{"start":{"line":176,"column":10},"end":{"line":176,"column":28}},"83":{"start":{"line":180,"column":8},"end":{"line":188,"column":11}},"84":{"start":{"line":181,"column":9},"end":{"line":187,"column":10}},"85":{"start":{"line":182,"column":10},"end":{"line":182,"column":32}},"86":{"start":{"line":183,"column":10},"end":{"line":183,"column":17}},"87":{"start":{"line":186,"column":10},"end":{"line":186,"column":29}},"88":{"start":{"line":193,"column":7},"end":{"line":200,"column":8}},"89":{"start":{"line":195,"column":8},"end":{"line":195,"column":28}},"90":{"start":{"line":196,"column":8},"end":{"line":196,"column":15}},"91":{"start":{"line":199,"column":8},"end":{"line":199,"column":25}},"92":{"start":{"line":207,"column":2},"end":{"line":207,"column":22}},"93":{"start":{"line":209,"column":2},"end":{"line":233,"column":5}},"94":{"start":{"line":211,"column":3},"end":{"line":211,"column":24}},"95":{"start":{"line":212,"column":3},"end":{"line":215,"column":4}},"96":{"start":{"line":213,"column":4},"end":{"line":213,"column":25}},"97":{"start":{"line":214,"column":4},"end":{"line":214,"column":52}},"98":{"start":{"line":217,"column":3},"end":{"line":217,"column":42}},"99":{"start":{"line":221,"column":3},"end":{"line":232,"column":6}},"100":{"start":{"line":223,"column":4},"end":{"line":226,"column":5}},"101":{"start":{"line":224,"column":5},"end":{"line":224,"column":43}},"102":{"start":{"line":225,"column":5},"end":{"line":225,"column":32}},"103":{"start":{"line":228,"column":4},"end":{"line":228,"column":29}},"104":{"start":{"line":229,"column":4},"end":{"line":231,"column":7}},"105":{"start":{"line":230,"column":5},"end":{"line":230,"column":26}},"106":{"start":{"line":236,"column":0},"end":{"line":241,"column":1}},"107":{"start":{"line":237,"column":1},"end":{"line":237,"column":29}},"108":{"start":{"line":238,"column":1},"end":{"line":238,"column":43}},"109":{"start":{"line":239,"column":1},"end":{"line":239,"column":70}},"110":{"start":{"line":240,"column":1},"end":{"line":240,"column":21}},"111":{"start":{"line":244,"column":0},"end":{"line":244,"column":24}}},"branchMap":{"1":{"line":12,"type":"if","locations":[{"start":{"line":12,"column":1},"end":{"line":12,"column":1}},{"start":{"line":12,"column":1},"end":{"line":12,"column":1}}]},"2":{"line":13,"type":"if","locations":[{"start":{"line":13,"column":1},"end":{"line":13,"column":1}},{"start":{"line":13,"column":1},"end":{"line":13,"column":1}}]},"3":{"line":14,"type":"if","locations":[{"start":{"line":14,"column":1},"end":{"line":14,"column":1}},{"start":{"line":14,"column":1},"end":{"line":14,"column":1}}]},"4":{"line":15,"type":"if","locations":[{"start":{"line":15,"column":1},"end":{"line":15,"column":1}},{"start":{"line":15,"column":1},"end":{"line":15,"column":1}}]},"5":{"line":33,"type":"if","locations":[{"start":{"line":33,"column":4},"end":{"line":33,"column":4}},{"start":{"line":33,"column":4},"end":{"line":33,"column":4}}]},"6":{"line":37,"type":"if","locations":[{"start":{"line":37,"column":4},"end":{"line":37,"column":4}},{"start":{"line":37,"column":4},"end":{"line":37,"column":4}}]},"7":{"line":37,"type":"binary-expr","locations":[{"start":{"line":37,"column":7},"end":{"line":37,"column":11}},{"start":{"line":37,"column":15},"end":{"line":37,"column":55}}]},"8":{"line":41,"type":"if","locations":[{"start":{"line":41,"column":6},"end":{"line":41,"column":6}},{"start":{"line":41,"column":6},"end":{"line":41,"column":6}}]},"9":{"line":42,"type":"if","locations":[{"start":{"line":42,"column":6},"end":{"line":42,"column":6}},{"start":{"line":42,"column":6},"end":{"line":42,"column":6}}]},"10":{"line":50,"type":"if","locations":[{"start":{"line":50,"column":8},"end":{"line":50,"column":8}},{"start":{"line":50,"column":8},"end":{"line":50,"column":8}}]},"11":{"line":54,"type":"if","locations":[{"start":{"line":54,"column":9},"end":{"line":54,"column":9}},{"start":{"line":54,"column":9},"end":{"line":54,"column":9}}]},"12":{"line":80,"type":"if","locations":[{"start":{"line":80,"column":1},"end":{"line":80,"column":1}},{"start":{"line":80,"column":1},"end":{"line":80,"column":1}}]},"13":{"line":85,"type":"if","locations":[{"start":{"line":85,"column":1},"end":{"line":85,"column":1}},{"start":{"line":85,"column":1},"end":{"line":85,"column":1}}]},"14":{"line":90,"type":"if","locations":[{"start":{"line":90,"column":1},"end":{"line":90,"column":1}},{"start":{"line":90,"column":1},"end":{"line":90,"column":1}}]},"15":{"line":90,"type":"binary-expr","locations":[{"start":{"line":90,"column":4},"end":{"line":90,"column":15}},{"start":{"line":90,"column":19},"end":{"line":90,"column":30}}]},"16":{"line":96,"type":"if","locations":[{"start":{"line":96,"column":2},"end":{"line":96,"column":2}},{"start":{"line":96,"column":2},"end":{"line":96,"column":2}}]},"17":{"line":123,"type":"if","locations":[{"start":{"line":123,"column":4},"end":{"line":123,"column":4}},{"start":{"line":123,"column":4},"end":{"line":123,"column":4}}]},"18":{"line":127,"type":"if","locations":[{"start":{"line":127,"column":4},"end":{"line":127,"column":4}},{"start":{"line":127,"column":4},"end":{"line":127,"column":4}}]},"19":{"line":130,"type":"if","locations":[{"start":{"line":130,"column":4},"end":{"line":130,"column":4}},{"start":{"line":130,"column":4},"end":{"line":130,"column":4}}]},"20":{"line":133,"type":"if","locations":[{"start":{"line":133,"column":4},"end":{"line":133,"column":4}},{"start":{"line":133,"column":4},"end":{"line":133,"column":4}}]},"21":{"line":138,"type":"if","locations":[{"start":{"line":138,"column":4},"end":{"line":138,"column":4}},{"start":{"line":138,"column":4},"end":{"line":138,"column":4}}]},"22":{"line":147,"type":"if","locations":[{"start":{"line":147,"column":6},"end":{"line":147,"column":6}},{"start":{"line":147,"column":6},"end":{"line":147,"column":6}}]},"23":{"line":155,"type":"if","locations":[{"start":{"line":155,"column":6},"end":{"line":155,"column":6}},{"start":{"line":155,"column":6},"end":{"line":155,"column":6}}]},"24":{"line":161,"type":"cond-expr","locations":[{"start":{"line":161,"column":58},"end":{"line":161,"column":70}},{"start":{"line":161,"column":73},"end":{"line":161,"column":85}}]},"25":{"line":164,"type":"if","locations":[{"start":{"line":164,"column":8},"end":{"line":164,"column":8}},{"start":{"line":164,"column":8},"end":{"line":164,"column":8}}]},"26":{"line":168,"type":"if","locations":[{"start":{"line":168,"column":9},"end":{"line":168,"column":9}},{"start":{"line":168,"column":9},"end":{"line":168,"column":9}}]},"27":{"line":181,"type":"if","locations":[{"start":{"line":181,"column":9},"end":{"line":181,"column":9}},{"start":{"line":181,"column":9},"end":{"line":181,"column":9}}]},"28":{"line":193,"type":"if","locations":[{"start":{"line":193,"column":7},"end":{"line":193,"column":7}},{"start":{"line":193,"column":7},"end":{"line":193,"column":7}}]},"29":{"line":223,"type":"if","locations":[{"start":{"line":223,"column":4},"end":{"line":223,"column":4}},{"start":{"line":223,"column":4},"end":{"line":223,"column":4}}]}}},"C:\\node\\ZeeSlag\\modules\\tokenModule.js":{"path":"C:\\node\\ZeeSlag\\modules\\tokenModule.js","s":{"1":1,"2":1,"3":1,"4":16,"5":16,"6":16,"7":16,"8":0,"9":16,"10":0,"11":16,"12":16,"13":0,"14":0},"b":{"1":[16,0],"2":[0,16],"3":[0,16]},"f":{"1":16,"2":16},"fnMap":{"1":{"name":"(anonymous_1)","line":7,"loc":{"start":{"line":7,"column":12},"end":{"line":8,"column":1}}},"2":{"name":"(anonymous_2)","line":13,"loc":{"start":{"line":13,"column":42},"end":{"line":13,"column":63}}}},"statementMap":{"1":{"start":{"line":1,"column":0},"end":{"line":1,"column":35}},"2":{"start":{"line":3,"column":0},"end":{"line":3,"column":34}},"3":{"start":{"line":5,"column":0},"end":{"line":29,"column":2}},"4":{"start":{"line":9,"column":2},"end":{"line":9,"column":30}},"5":{"start":{"line":11,"column":2},"end":{"line":26,"column":3}},"6":{"start":{"line":13,"column":3},"end":{"line":20,"column":12}},"7":{"start":{"line":14,"column":11},"end":{"line":19,"column":12}},"8":{"start":{"line":14,"column":22},"end":{"line":14,"column":36}},"9":{"start":{"line":15,"column":16},"end":{"line":19,"column":12}},"10":{"start":{"line":15,"column":29},"end":{"line":15,"column":88}},"11":{"start":{"line":17,"column":12},"end":{"line":17,"column":28}},"12":{"start":{"line":18,"column":12},"end":{"line":18,"column":19}},"13":{"start":{"line":24,"column":3},"end":{"line":24,"column":119}},"14":{"start":{"line":25,"column":3},"end":{"line":25,"column":25}}},"branchMap":{"1":{"line":11,"type":"if","locations":[{"start":{"line":11,"column":2},"end":{"line":11,"column":2}},{"start":{"line":11,"column":2},"end":{"line":11,"column":2}}]},"2":{"line":14,"type":"if","locations":[{"start":{"line":14,"column":11},"end":{"line":14,"column":11}},{"start":{"line":14,"column":11},"end":{"line":14,"column":11}}]},"3":{"line":15,"type":"if","locations":[{"start":{"line":15,"column":16},"end":{"line":15,"column":16}},{"start":{"line":15,"column":16},"end":{"line":15,"column":16}}]}}},"C:\\node\\ZeeSlag\\routes\\game.js":{"path":"C:\\node\\ZeeSlag\\routes\\game.js","s":{"1":1,"2":1,"3":1,"4":1,"5":1,"6":1,"7":1,"8":1,"9":1,"10":2,"11":2,"12":2,"13":2,"14":0,"15":2,"16":1,"17":1,"18":1,"19":1,"20":1,"21":1,"22":1,"23":1,"24":1,"25":1,"26":1,"27":1,"28":1,"29":1,"30":1,"31":1,"32":1,"33":0,"34":1,"35":1,"36":1,"37":1,"38":1,"39":0,"40":1,"41":1,"42":1,"43":1,"44":1,"45":1,"46":1,"47":1,"48":0,"49":0,"50":0,"51":1},"b":{"1":[0,2],"2":[2,1],"3":[1,1],"4":[0,1],"5":[1,0],"6":[1,0],"7":[0,1],"8":[1,0]},"f":{"1":2,"2":2,"3":1,"4":1,"5":1,"6":1,"7":1,"8":1,"9":1,"10":1,"11":1},"fnMap":{"1":{"name":"(anonymous_1)","line":18,"loc":{"start":{"line":18,"column":22},"end":{"line":18,"column":47}}},"2":{"name":"(anonymous_2)","line":21,"loc":{"start":{"line":21,"column":9},"end":{"line":21,"column":29}}},"3":{"name":"(anonymous_3)","line":37,"loc":{"start":{"line":37,"column":15},"end":{"line":37,"column":34}}},"4":{"name":"(anonymous_4)","line":46,"loc":{"start":{"line":46,"column":18},"end":{"line":46,"column":40}}},"5":{"name":"(anonymous_5)","line":55,"loc":{"start":{"line":55,"column":22},"end":{"line":55,"column":46}}},"6":{"name":"(anonymous_6)","line":59,"loc":{"start":{"line":59,"column":15},"end":{"line":59,"column":37}}},"7":{"name":"(anonymous_7)","line":71,"loc":{"start":{"line":71,"column":23},"end":{"line":71,"column":47}}},"8":{"name":"(anonymous_8)","line":76,"loc":{"start":{"line":76,"column":9},"end":{"line":76,"column":28}}},"9":{"name":"(anonymous_9)","line":97,"loc":{"start":{"line":97,"column":31},"end":{"line":97,"column":51}}},"10":{"name":"(anonymous_10)","line":104,"loc":{"start":{"line":104,"column":38},"end":{"line":104,"column":64}}},"11":{"name":"(anonymous_11)","line":105,"loc":{"start":{"line":105,"column":42},"end":{"line":105,"column":71}}}},"statementMap":{"1":{"start":{"line":1,"column":0},"end":{"line":1,"column":33}},"2":{"start":{"line":2,"column":0},"end":{"line":2,"column":35}},"3":{"start":{"line":3,"column":0},"end":{"line":3,"column":30}},"4":{"start":{"line":5,"column":0},"end":{"line":5,"column":30}},"5":{"start":{"line":6,"column":0},"end":{"line":6,"column":34}},"6":{"start":{"line":7,"column":0},"end":{"line":7,"column":44}},"7":{"start":{"line":8,"column":0},"end":{"line":8,"column":34}},"8":{"start":{"line":9,"column":0},"end":{"line":9,"column":46}},"9":{"start":{"line":14,"column":0},"end":{"line":51,"column":4}},"10":{"start":{"line":20,"column":2},"end":{"line":50,"column":6}},"11":{"start":{"line":24,"column":4},"end":{"line":24,"column":24}},"12":{"start":{"line":26,"column":4},"end":{"line":26,"column":32}},"13":{"start":{"line":28,"column":4},"end":{"line":49,"column":5}},"14":{"start":{"line":30,"column":5},"end":{"line":30,"column":68}},"15":{"start":{"line":32,"column":9},"end":{"line":49,"column":5}},"16":{"start":{"line":35,"column":5},"end":{"line":35,"column":33}},"17":{"start":{"line":36,"column":5},"end":{"line":36,"column":44}},"18":{"start":{"line":37,"column":5},"end":{"line":39,"column":8}},"19":{"start":{"line":38,"column":6},"end":{"line":38,"column":21}},"20":{"start":{"line":44,"column":5},"end":{"line":44,"column":49}},"21":{"start":{"line":45,"column":5},"end":{"line":45,"column":45}},"22":{"start":{"line":46,"column":5},"end":{"line":48,"column":8}},"23":{"start":{"line":47,"column":6},"end":{"line":47,"column":24}},"24":{"start":{"line":53,"column":0},"end":{"line":62,"column":4}},"25":{"start":{"line":57,"column":2},"end":{"line":57,"column":96}},"26":{"start":{"line":58,"column":2},"end":{"line":58,"column":44}},"27":{"start":{"line":59,"column":2},"end":{"line":61,"column":5}},"28":{"start":{"line":60,"column":3},"end":{"line":60,"column":21}},"29":{"start":{"line":67,"column":1},"end":{"line":130,"column":5}},"30":{"start":{"line":73,"column":3},"end":{"line":73,"column":29}},"31":{"start":{"line":75,"column":2},"end":{"line":129,"column":6}},"32":{"start":{"line":77,"column":4},"end":{"line":128,"column":5}},"33":{"start":{"line":78,"column":5},"end":{"line":78,"column":70}},"34":{"start":{"line":81,"column":5},"end":{"line":127,"column":7}},"35":{"start":{"line":83,"column":7},"end":{"line":88,"column":9}},"36":{"start":{"line":90,"column":7},"end":{"line":122,"column":8}},"37":{"start":{"line":92,"column":8},"end":{"line":92,"column":35}},"38":{"start":{"line":93,"column":8},"end":{"line":94,"column":32}},"39":{"start":{"line":94,"column":9},"end":{"line":94,"column":32}},"40":{"start":{"line":97,"column":8},"end":{"line":117,"column":10}},"41":{"start":{"line":99,"column":9},"end":{"line":99,"column":36}},"42":{"start":{"line":100,"column":9},"end":{"line":100,"column":46}},"43":{"start":{"line":102,"column":9},"end":{"line":116,"column":10}},"44":{"start":{"line":104,"column":10},"end":{"line":111,"column":13}},"45":{"start":{"line":105,"column":11},"end":{"line":110,"column":14}},"46":{"start":{"line":106,"column":12},"end":{"line":106,"column":45}},"47":{"start":{"line":107,"column":12},"end":{"line":109,"column":29}},"48":{"start":{"line":115,"column":10},"end":{"line":115,"column":27}},"49":{"start":{"line":121,"column":8},"end":{"line":121,"column":25}},"50":{"start":{"line":126,"column":7},"end":{"line":126,"column":87}},"51":{"start":{"line":132,"column":0},"end":{"line":132,"column":24}}},"branchMap":{"1":{"line":28,"type":"if","locations":[{"start":{"line":28,"column":4},"end":{"line":28,"column":4}},{"start":{"line":28,"column":4},"end":{"line":28,"column":4}}]},"2":{"line":28,"type":"binary-expr","locations":[{"start":{"line":28,"column":7},"end":{"line":28,"column":11}},{"start":{"line":28,"column":15},"end":{"line":28,"column":48}}]},"3":{"line":32,"type":"if","locations":[{"start":{"line":32,"column":9},"end":{"line":32,"column":9}},{"start":{"line":32,"column":9},"end":{"line":32,"column":9}}]},"4":{"line":77,"type":"if","locations":[{"start":{"line":77,"column":4},"end":{"line":77,"column":4}},{"start":{"line":77,"column":4},"end":{"line":77,"column":4}}]},"5":{"line":81,"type":"if","locations":[{"start":{"line":81,"column":5},"end":{"line":81,"column":5}},{"start":{"line":81,"column":5},"end":{"line":81,"column":5}}]},"6":{"line":90,"type":"if","locations":[{"start":{"line":90,"column":7},"end":{"line":90,"column":7}},{"start":{"line":90,"column":7},"end":{"line":90,"column":7}}]},"7":{"line":93,"type":"if","locations":[{"start":{"line":93,"column":8},"end":{"line":93,"column":8}},{"start":{"line":93,"column":8},"end":{"line":93,"column":8}}]},"8":{"line":102,"type":"if","locations":[{"start":{"line":102,"column":9},"end":{"line":102,"column":9}},{"start":{"line":102,"column":9},"end":{"line":102,"column":9}}]}}},"C:\\node\\ZeeSlag\\routes\\user.js":{"path":"C:\\node\\ZeeSlag\\routes\\user.js","s":{"1":1,"2":1,"3":1,"4":1,"5":1,"6":1,"7":1,"8":1,"9":1,"10":1,"11":1,"12":1,"13":2,"14":2,"15":1,"16":1,"17":0,"18":1,"19":1,"20":2,"21":1,"22":1},"b":{"1":[1,1],"2":[0,1]},"f":{"1":1,"2":1,"3":2},"fnMap":{"1":{"name":"(anonymous_1)","line":17,"loc":{"start":{"line":17,"column":22},"end":{"line":17,"column":46}}},"2":{"name":"(anonymous_2)","line":18,"loc":{"start":{"line":18,"column":29},"end":{"line":18,"column":49}}},"3":{"name":"(anonymous_3)","line":23,"loc":{"start":{"line":23,"column":17},"end":{"line":23,"column":31}}}},"statementMap":{"1":{"start":{"line":1,"column":0},"end":{"line":1,"column":33}},"2":{"start":{"line":2,"column":0},"end":{"line":2,"column":35}},"3":{"start":{"line":3,"column":0},"end":{"line":3,"column":30}},"4":{"start":{"line":5,"column":0},"end":{"line":5,"column":30}},"5":{"start":{"line":6,"column":0},"end":{"line":6,"column":34}},"6":{"start":{"line":7,"column":0},"end":{"line":7,"column":44}},"7":{"start":{"line":8,"column":0},"end":{"line":8,"column":34}},"8":{"start":{"line":9,"column":0},"end":{"line":9,"column":46}},"9":{"start":{"line":15,"column":0},"end":{"line":44,"column":4}},"10":{"start":{"line":18,"column":2},"end":{"line":43,"column":5}},"11":{"start":{"line":20,"column":3},"end":{"line":20,"column":19}},"12":{"start":{"line":23,"column":3},"end":{"line":39,"column":6}},"13":{"start":{"line":25,"column":4},"end":{"line":25,"column":51}},"14":{"start":{"line":27,"column":4},"end":{"line":36,"column":5}},"15":{"start":{"line":29,"column":5},"end":{"line":29,"column":30}},"16":{"start":{"line":31,"column":5},"end":{"line":32,"column":28}},"17":{"start":{"line":32,"column":7},"end":{"line":32,"column":28}},"18":{"start":{"line":34,"column":5},"end":{"line":34,"column":30}},"19":{"start":{"line":35,"column":5},"end":{"line":35,"column":40}},"20":{"start":{"line":38,"column":4},"end":{"line":38,"column":22}},"21":{"start":{"line":41,"column":3},"end":{"line":41,"column":20}},"22":{"start":{"line":46,"column":0},"end":{"line":46,"column":24}}},"branchMap":{"1":{"line":27,"type":"if","locations":[{"start":{"line":27,"column":4},"end":{"line":27,"column":4}},{"start":{"line":27,"column":4},"end":{"line":27,"column":4}}]},"2":{"line":31,"type":"if","locations":[{"start":{"line":31,"column":5},"end":{"line":31,"column":5}},{"start":{"line":31,"column":5},"end":{"line":31,"column":5}}]}}}}