{"C:\\node\\ZeeSlag\\model\\gameboard.js":{"path":"C:\\node\\ZeeSlag\\model\\gameboard.js","s":{"1":1,"2":1,"3":1,"4":1,"5":1,"6":1,"7":8,"8":8,"9":16,"10":16,"11":16,"12":32,"13":5,"14":5,"15":32,"16":16,"17":16,"18":8,"19":1,"20":1,"21":1},"b":{"1":[5,27],"2":[16,16]},"f":{"1":8,"2":16},"fnMap":{"1":{"name":"(anonymous_1)","line":29,"loc":{"start":{"line":29,"column":36},"end":{"line":29,"column":51}}},"2":{"name":"(anonymous_2)","line":34,"loc":{"start":{"line":34,"column":22},"end":{"line":34,"column":36}}}},"statementMap":{"1":{"start":{"line":1,"column":0},"end":{"line":1,"column":35}},"2":{"start":{"line":2,"column":0},"end":{"line":2,"column":29}},"3":{"start":{"line":4,"column":0},"end":{"line":8,"column":3}},"4":{"start":{"line":10,"column":0},"end":{"line":15,"column":3}},"5":{"start":{"line":17,"column":0},"end":{"line":27,"column":3}},"6":{"start":{"line":29,"column":0},"end":{"line":61,"column":1}},"7":{"start":{"line":31,"column":3},"end":{"line":31,"column":25}},"8":{"start":{"line":34,"column":3},"end":{"line":57,"column":6}},"9":{"start":{"line":36,"column":4},"end":{"line":36,"column":29}},"10":{"start":{"line":37,"column":4},"end":{"line":37,"column":29}},"11":{"start":{"line":40,"column":4},"end":{"line":56,"column":5}},"12":{"start":{"line":42,"column":5},"end":{"line":45,"column":6}},"13":{"start":{"line":43,"column":10},"end":{"line":43,"column":31}},"14":{"start":{"line":44,"column":6},"end":{"line":44,"column":22}},"15":{"start":{"line":48,"column":5},"end":{"line":55,"column":6}},"16":{"start":{"line":50,"column":6},"end":{"line":50,"column":10}},"17":{"start":{"line":54,"column":6},"end":{"line":54,"column":51}},"18":{"start":{"line":60,"column":3},"end":{"line":60,"column":17}},"19":{"start":{"line":63,"column":0},"end":{"line":63,"column":35}},"20":{"start":{"line":64,"column":0},"end":{"line":64,"column":35}},"21":{"start":{"line":65,"column":0},"end":{"line":65,"column":45}}},"branchMap":{"1":{"line":42,"type":"if","locations":[{"start":{"line":42,"column":5},"end":{"line":42,"column":5}},{"start":{"line":42,"column":5},"end":{"line":42,"column":5}}]},"2":{"line":48,"type":"if","locations":[{"start":{"line":48,"column":5},"end":{"line":48,"column":5}},{"start":{"line":48,"column":5},"end":{"line":48,"column":5}}]}}},"C:\\node\\ZeeSlag\\config\\database.js":{"path":"C:\\node\\ZeeSlag\\config\\database.js","s":{"1":1},"b":{},"f":{},"fnMap":{},"statementMap":{"1":{"start":{"line":1,"column":0},"end":{"line":6,"column":1}}},"branchMap":{}},"C:\\node\\ZeeSlag\\routes\\game.js":{"path":"C:\\node\\ZeeSlag\\routes\\game.js","s":{"1":1,"2":1,"3":1,"4":1,"5":1,"6":1,"7":8,"8":1,"9":7,"10":1,"11":6,"12":1,"13":5,"14":1,"15":4,"16":1,"17":1,"18":1,"19":0,"20":1,"21":1,"22":1,"23":1,"24":0,"25":1,"26":1,"27":8,"28":8,"29":8,"30":4,"31":4,"32":4,"33":4,"34":1,"35":3,"36":3,"37":3,"38":2,"39":2,"40":2,"41":2,"42":2,"43":1,"44":1},"b":{"1":[1,7],"2":[1,6],"3":[1,5],"4":[1,4],"5":[0,1],"6":[0,1],"7":[4,4],"8":[1,3],"9":[2,1]},"f":{"1":8,"2":1,"3":1,"4":1,"5":1,"6":8,"7":4,"8":2},"fnMap":{"1":{"name":"validateHit","line":9,"loc":{"start":{"line":9,"column":0},"end":{"line":10,"column":0}}},"2":{"name":"(anonymous_2)","line":25,"loc":{"start":{"line":25,"column":6},"end":{"line":25,"column":31}}},"3":{"name":"(anonymous_3)","line":29,"loc":{"start":{"line":29,"column":10},"end":{"line":29,"column":31}}},"4":{"name":"(anonymous_4)","line":38,"loc":{"start":{"line":38,"column":7},"end":{"line":38,"column":32}}},"5":{"name":"(anonymous_5)","line":42,"loc":{"start":{"line":42,"column":17},"end":{"line":42,"column":36}}},"6":{"name":"(anonymous_6)","line":60,"loc":{"start":{"line":60,"column":7},"end":{"line":60,"column":31}}},"7":{"name":"(anonymous_7)","line":72,"loc":{"start":{"line":72,"column":27},"end":{"line":72,"column":51}}},"8":{"name":"(anonymous_8)","line":85,"loc":{"start":{"line":85,"column":20},"end":{"line":85,"column":44}}}},"statementMap":{"1":{"start":{"line":1,"column":0},"end":{"line":1,"column":33}},"2":{"start":{"line":2,"column":0},"end":{"line":2,"column":35}},"3":{"start":{"line":3,"column":0},"end":{"line":3,"column":30}},"4":{"start":{"line":5,"column":0},"end":{"line":5,"column":30}},"5":{"start":{"line":7,"column":0},"end":{"line":7,"column":44}},"6":{"start":{"line":9,"column":0},"end":{"line":16,"column":1}},"7":{"start":{"line":11,"column":1},"end":{"line":11,"column":67}},"8":{"start":{"line":11,"column":32},"end":{"line":11,"column":65}},"9":{"start":{"line":12,"column":1},"end":{"line":12,"column":56}},"10":{"start":{"line":12,"column":14},"end":{"line":12,"column":55}},"11":{"start":{"line":13,"column":1},"end":{"line":13,"column":56}},"12":{"start":{"line":13,"column":14},"end":{"line":13,"column":55}},"13":{"start":{"line":14,"column":1},"end":{"line":14,"column":74}},"14":{"start":{"line":14,"column":20},"end":{"line":14,"column":73}},"15":{"start":{"line":15,"column":1},"end":{"line":15,"column":18}},"16":{"start":{"line":21,"column":0},"end":{"line":47,"column":4}},"17":{"start":{"line":27,"column":2},"end":{"line":33,"column":7}},"18":{"start":{"line":30,"column":5},"end":{"line":30,"column":34}},"19":{"start":{"line":30,"column":15},"end":{"line":30,"column":33}},"20":{"start":{"line":32,"column":5},"end":{"line":32,"column":22}},"21":{"start":{"line":40,"column":2},"end":{"line":40,"column":42}},"22":{"start":{"line":42,"column":2},"end":{"line":46,"column":5}},"23":{"start":{"line":43,"column":2},"end":{"line":43,"column":31}},"24":{"start":{"line":43,"column":12},"end":{"line":43,"column":30}},"25":{"start":{"line":45,"column":3},"end":{"line":45,"column":23}},"26":{"start":{"line":58,"column":0},"end":{"line":93,"column":4}},"27":{"start":{"line":62,"column":2},"end":{"line":62,"column":23}},"28":{"start":{"line":65,"column":2},"end":{"line":65,"column":33}},"29":{"start":{"line":66,"column":2},"end":{"line":66,"column":56}},"30":{"start":{"line":66,"column":12},"end":{"line":66,"column":55}},"31":{"start":{"line":69,"column":2},"end":{"line":69,"column":30}},"32":{"start":{"line":71,"column":2},"end":{"line":92,"column":5}},"33":{"start":{"line":74,"column":3},"end":{"line":91,"column":4}},"34":{"start":{"line":74,"column":20},"end":{"line":74,"column":75}},"35":{"start":{"line":77,"column":4},"end":{"line":77,"column":56}},"36":{"start":{"line":78,"column":4},"end":{"line":78,"column":23}},"37":{"start":{"line":81,"column":4},"end":{"line":90,"column":27}},"38":{"start":{"line":83,"column":5},"end":{"line":83,"column":33}},"39":{"start":{"line":84,"column":5},"end":{"line":84,"column":46}},"40":{"start":{"line":85,"column":5},"end":{"line":88,"column":7}},"41":{"start":{"line":86,"column":6},"end":{"line":86,"column":29}},"42":{"start":{"line":87,"column":6},"end":{"line":87,"column":25}},"43":{"start":{"line":90,"column":9},"end":{"line":90,"column":26}},"44":{"start":{"line":116,"column":0},"end":{"line":116,"column":24}}},"branchMap":{"1":{"line":11,"type":"if","locations":[{"start":{"line":11,"column":1},"end":{"line":11,"column":1}},{"start":{"line":11,"column":1},"end":{"line":11,"column":1}}]},"2":{"line":12,"type":"if","locations":[{"start":{"line":12,"column":1},"end":{"line":12,"column":1}},{"start":{"line":12,"column":1},"end":{"line":12,"column":1}}]},"3":{"line":13,"type":"if","locations":[{"start":{"line":13,"column":1},"end":{"line":13,"column":1}},{"start":{"line":13,"column":1},"end":{"line":13,"column":1}}]},"4":{"line":14,"type":"if","locations":[{"start":{"line":14,"column":1},"end":{"line":14,"column":1}},{"start":{"line":14,"column":1},"end":{"line":14,"column":1}}]},"5":{"line":30,"type":"if","locations":[{"start":{"line":30,"column":5},"end":{"line":30,"column":5}},{"start":{"line":30,"column":5},"end":{"line":30,"column":5}}]},"6":{"line":43,"type":"if","locations":[{"start":{"line":43,"column":2},"end":{"line":43,"column":2}},{"start":{"line":43,"column":2},"end":{"line":43,"column":2}}]},"7":{"line":66,"type":"if","locations":[{"start":{"line":66,"column":2},"end":{"line":66,"column":2}},{"start":{"line":66,"column":2},"end":{"line":66,"column":2}}]},"8":{"line":74,"type":"if","locations":[{"start":{"line":74,"column":3},"end":{"line":74,"column":3}},{"start":{"line":74,"column":3},"end":{"line":74,"column":3}}]},"9":{"line":81,"type":"if","locations":[{"start":{"line":81,"column":4},"end":{"line":81,"column":4}},{"start":{"line":81,"column":4},"end":{"line":81,"column":4}}]}}}}