TN:
SF:C:\node\ZeeSlag\model\gameboard.js
FN:32,(anonymous_1)
FN:46,(anonymous_2)
FN:51,(anonymous_3)
FN:88,(anonymous_4)
FN:151,getNextCoord
FNF:5
FNH:5
FNDA:5,(anonymous_1)
FNDA:10,(anonymous_2)
FNDA:20,(anonymous_3)
FNDA:7,(anonymous_4)
FNDA:101,getNextCoord
DA:1,1
DA:2,1
DA:3,1
DA:4,1
DA:6,1
DA:7,1
DA:11,1
DA:16,1
DA:19,1
DA:30,1
DA:32,1
DA:34,5
DA:36,5
DA:37,5
DA:38,4
DA:39,4
DA:43,5
DA:46,1
DA:48,10
DA:51,10
DA:53,20
DA:54,20
DA:57,20
DA:59,38
DA:60,6
DA:61,6
DA:62,6
DA:63,6
DA:67,38
DA:69,19
DA:73,19
DA:78,10
DA:79,10
DA:88,1
DA:91,7
DA:93,7
DA:94,7
DA:95,7
DA:96,7
DA:98,7
DA:99,1
DA:100,1
DA:104,6
DA:105,6
DA:107,30
DA:108,30
DA:109,30
DA:112,30
DA:113,30
DA:115,1
DA:118,30
DA:121,101
DA:123,86
DA:124,1
DA:125,1
DA:129,86
DA:130,2
DA:131,2
DA:135,86
DA:136,1
DA:137,1
DA:141,101
DA:142,101
DA:147,6
DA:151,1
DA:152,101
DA:153,30
DA:155,71
DA:158,101
DA:161,1
DA:162,1
LF:71
LH:71
BRDA:37,1,0,4
BRDA:37,1,1,1
BRDA:59,2,0,6
BRDA:59,2,1,32
BRDA:67,3,0,19
BRDA:67,3,1,19
BRDA:98,4,0,1
BRDA:98,4,1,6
BRDA:113,5,0,29
BRDA:113,5,1,1
BRDA:121,6,0,86
BRDA:121,6,1,15
BRDA:123,7,0,1
BRDA:123,7,1,85
BRDA:129,8,0,2
BRDA:129,8,1,84
BRDA:135,9,0,1
BRDA:135,9,1,85
BRDA:152,10,0,30
BRDA:152,10,1,71
BRF:20
BRH:20
end_of_record
TN:
SF:C:\node\ZeeSlag\config\database.js
FNF:0
FNH:0
DA:1,1
LF:1
LH:1
BRF:0
BRH:0
end_of_record
TN:
SF:C:\node\ZeeSlag\model\game.js
FN:29,search
FN:36,(anonymous_2)
FN:52,(anonymous_3)
FN:59,(anonymous_4)
FN:74,(anonymous_5)
FNF:5
FNH:5
FNDA:1,search
FNDA:2,(anonymous_2)
FNDA:9,(anonymous_3)
FNDA:4,(anonymous_4)
FNDA:9,(anonymous_5)
DA:1,1
DA:2,1
DA:3,1
DA:5,1
DA:6,1
DA:8,1
DA:20,1
DA:22,1
DA:29,1
DA:30,1
DA:36,1
DA:37,2
DA:39,2
DA:40,1
DA:43,1
DA:45,1
DA:46,0
DA:48,1
DA:52,1
DA:54,9
DA:59,1
DA:61,4
DA:62,1
DA:64,3
DA:65,3
DA:68,0
DA:74,1
DA:76,9
DA:77,1
DA:79,8
DA:80,8
DA:83,0
DA:88,1
LF:33
LH:30
BRDA:39,1,0,1
BRDA:39,1,1,1
BRDA:45,2,0,0
BRDA:45,2,1,1
BRDA:54,3,0,9
BRDA:54,3,1,8
BRDA:61,4,0,1
BRDA:61,4,1,3
BRDA:64,5,0,3
BRDA:64,5,1,0
BRDA:76,6,0,1
BRDA:76,6,1,8
BRDA:79,7,0,8
BRDA:79,7,1,0
BRF:14
BRH:11
end_of_record
TN:
SF:C:\node\ZeeSlag\model\user.js
FN:34,(anonymous_1)
FN:39,(anonymous_2)
FNF:2
FNH:0
FNDA:0,(anonymous_1)
FNDA:0,(anonymous_2)
DA:1,1
DA:2,1
DA:5,1
DA:34,1
DA:35,0
DA:39,1
DA:40,0
DA:43,1
LF:8
LH:6
BRF:0
BRH:0
end_of_record
TN:
SF:C:\node\ZeeSlag\routes\gameboard.js
FN:10,validateHit
FN:25,(anonymous_2)
FN:30,(anonymous_3)
FN:40,(anonymous_4)
FN:48,(anonymous_5)
FN:56,(anonymous_6)
FN:78,SetGameboardsToGame
FN:95,(anonymous_8)
FN:113,(anonymous_9)
FN:118,(anonymous_10)
FN:141,(anonymous_11)
FN:159,(anonymous_12)
FN:180,(anonymous_13)
FN:205,(anonymous_14)
FN:209,(anonymous_15)
FN:221,(anonymous_16)
FN:229,(anonymous_17)
FN:236,RandomShot
FNF:18
FNH:18
FNDA:8,validateHit
FNDA:3,(anonymous_2)
FNDA:3,(anonymous_3)
FNDA:3,(anonymous_4)
FNDA:3,(anonymous_5)
FNDA:1,(anonymous_6)
FNDA:3,SetGameboardsToGame
FNDA:3,(anonymous_8)
FNDA:8,(anonymous_9)
FNDA:8,(anonymous_10)
FNDA:8,(anonymous_11)
FNDA:3,(anonymous_12)
FNDA:3,(anonymous_13)
FNDA:1,(anonymous_14)
FNDA:1,(anonymous_15)
FNDA:1,(anonymous_16)
FNDA:1,(anonymous_17)
FNDA:1,RandomShot
DA:1,1
DA:2,1
DA:3,1
DA:5,1
DA:6,1
DA:7,1
DA:8,1
DA:10,1
DA:12,8
DA:13,7
DA:14,6
DA:15,5
DA:16,4
DA:22,1
DA:27,3
DA:29,3
DA:33,3
DA:34,0
DA:37,3
DA:40,3
DA:41,3
DA:42,3
DA:46,3
DA:48,3
DA:50,3
DA:54,3
DA:55,1
DA:56,1
DA:57,1
DA:62,2
DA:72,0
DA:78,1
DA:80,3
DA:81,1
DA:83,2
DA:85,3
DA:86,1
DA:90,3
DA:91,2
DA:95,3
DA:96,3
DA:97,3
DA:111,1
DA:115,8
DA:117,8
DA:120,8
DA:123,8
DA:124,0
DA:127,8
DA:128,0
DA:130,8
DA:131,0
DA:133,8
DA:134,0
DA:138,8
DA:141,8
DA:143,8
DA:146,8
DA:147,8
DA:150,4
DA:152,4
DA:155,4
DA:157,3
DA:159,3
DA:161,3
DA:162,3
DA:163,3
DA:164,3
DA:168,2
DA:170,0
DA:171,0
DA:172,0
DA:176,2
DA:180,3
DA:181,3
DA:182,1
DA:183,1
DA:186,2
DA:193,1
DA:195,0
DA:196,0
DA:199,1
DA:207,1
DA:209,1
DA:211,1
DA:212,1
DA:213,1
DA:214,1
DA:217,1
DA:221,1
DA:223,1
DA:224,0
DA:225,0
DA:228,1
DA:229,1
DA:230,1
DA:236,1
DA:237,1
DA:238,1
DA:239,1
DA:240,1
DA:244,1
LF:102
LH:89
BRDA:12,1,0,1
BRDA:12,1,1,7
BRDA:13,2,0,1
BRDA:13,2,1,6
BRDA:14,3,0,1
BRDA:14,3,1,5
BRDA:15,4,0,1
BRDA:15,4,1,4
BRDA:33,5,0,0
BRDA:33,5,1,3
BRDA:37,6,0,3
BRDA:37,6,1,0
BRDA:37,7,0,3
BRDA:37,7,1,3
BRDA:41,8,0,0
BRDA:41,8,1,3
BRDA:42,9,0,0
BRDA:42,9,1,3
BRDA:50,10,0,0
BRDA:50,10,1,3
BRDA:54,11,0,1
BRDA:54,11,1,2
BRDA:80,12,0,1
BRDA:80,12,1,2
BRDA:85,13,0,1
BRDA:85,13,1,2
BRDA:90,14,0,2
BRDA:90,14,1,1
BRDA:90,15,0,3
BRDA:90,15,1,2
BRDA:96,16,0,0
BRDA:96,16,1,3
BRDA:123,17,0,0
BRDA:123,17,1,8
BRDA:127,18,0,0
BRDA:127,18,1,8
BRDA:130,19,0,0
BRDA:130,19,1,8
BRDA:133,20,0,0
BRDA:133,20,1,8
BRDA:138,21,0,8
BRDA:138,21,1,0
BRDA:147,22,0,4
BRDA:147,22,1,4
BRDA:155,23,0,3
BRDA:155,23,1,1
BRDA:161,24,0,1
BRDA:161,24,1,2
BRDA:164,25,0,2
BRDA:164,25,1,1
BRDA:168,26,0,0
BRDA:168,26,1,2
BRDA:181,27,0,1
BRDA:181,27,1,2
BRDA:193,28,0,0
BRDA:193,28,1,1
BRDA:223,29,0,0
BRDA:223,29,1,1
BRF:58
BRH:44
end_of_record
TN:
SF:C:\node\ZeeSlag\modules\tokenModule.js
FN:7,(anonymous_1)
FN:13,(anonymous_2)
FNF:2
FNH:2
FNDA:16,(anonymous_1)
FNDA:16,(anonymous_2)
DA:1,1
DA:3,1
DA:5,1
DA:9,16
DA:11,16
DA:13,16
DA:14,16
DA:15,16
DA:17,16
DA:18,16
DA:24,0
DA:25,0
LF:12
LH:10
BRDA:11,1,0,16
BRDA:11,1,1,0
BRDA:14,2,0,0
BRDA:14,2,1,16
BRDA:15,3,0,0
BRDA:15,3,1,16
BRF:6
BRH:3
end_of_record
TN:
SF:C:\node\ZeeSlag\routes\game.js
FN:18,(anonymous_1)
FN:21,(anonymous_2)
FN:37,(anonymous_3)
FN:46,(anonymous_4)
FN:55,(anonymous_5)
FN:59,(anonymous_6)
FN:71,(anonymous_7)
FN:76,(anonymous_8)
FN:97,(anonymous_9)
FN:104,(anonymous_10)
FN:105,(anonymous_11)
FNF:11
FNH:11
FNDA:2,(anonymous_1)
FNDA:2,(anonymous_2)
FNDA:1,(anonymous_3)
FNDA:1,(anonymous_4)
FNDA:1,(anonymous_5)
FNDA:1,(anonymous_6)
FNDA:1,(anonymous_7)
FNDA:1,(anonymous_8)
FNDA:1,(anonymous_9)
FNDA:1,(anonymous_10)
FNDA:1,(anonymous_11)
DA:1,1
DA:2,1
DA:3,1
DA:5,1
DA:6,1
DA:7,1
DA:8,1
DA:9,1
DA:14,1
DA:20,2
DA:24,2
DA:26,2
DA:28,2
DA:30,0
DA:32,2
DA:35,1
DA:36,1
DA:37,1
DA:38,1
DA:44,1
DA:45,1
DA:46,1
DA:47,1
DA:53,1
DA:57,1
DA:58,1
DA:59,1
DA:60,1
DA:67,1
DA:73,1
DA:75,1
DA:77,1
DA:78,0
DA:81,1
DA:83,1
DA:90,1
DA:92,1
DA:93,1
DA:94,0
DA:97,1
DA:99,1
DA:100,1
DA:102,1
DA:104,1
DA:105,1
DA:106,1
DA:107,1
DA:115,0
DA:121,0
DA:126,0
DA:132,1
LF:51
LH:45
BRDA:28,1,0,0
BRDA:28,1,1,2
BRDA:28,2,0,2
BRDA:28,2,1,1
BRDA:32,3,0,1
BRDA:32,3,1,1
BRDA:77,4,0,0
BRDA:77,4,1,1
BRDA:81,5,0,1
BRDA:81,5,1,0
BRDA:90,6,0,1
BRDA:90,6,1,0
BRDA:93,7,0,0
BRDA:93,7,1,1
BRDA:102,8,0,1
BRDA:102,8,1,0
BRF:16
BRH:10
end_of_record
TN:
SF:C:\node\ZeeSlag\routes\user.js
FN:17,(anonymous_1)
FN:18,(anonymous_2)
FN:23,(anonymous_3)
FNF:3
FNH:3
FNDA:1,(anonymous_1)
FNDA:1,(anonymous_2)
FNDA:2,(anonymous_3)
DA:1,1
DA:2,1
DA:3,1
DA:5,1
DA:6,1
DA:7,1
DA:8,1
DA:9,1
DA:15,1
DA:18,1
DA:20,1
DA:23,1
DA:25,2
DA:27,2
DA:29,1
DA:31,1
DA:32,0
DA:34,1
DA:35,1
DA:38,2
DA:41,1
DA:46,1
LF:22
LH:21
BRDA:27,1,0,1
BRDA:27,1,1,1
BRDA:31,2,0,0
BRDA:31,2,1,1
BRF:4
BRH:3
end_of_record
