TN:
SF:C:\node\ZeeSlag\model\gameboard.js
FN:29,(anonymous_1)
FN:34,(anonymous_2)
FNF:2
FNH:2
FNDA:8,(anonymous_1)
FNDA:16,(anonymous_2)
DA:1,1
DA:2,1
DA:4,1
DA:10,1
DA:17,1
DA:29,1
DA:31,8
DA:34,8
DA:36,16
DA:37,16
DA:40,16
DA:42,32
DA:43,5
DA:44,5
DA:48,32
DA:50,16
DA:54,16
DA:60,8
DA:63,1
DA:64,1
DA:65,1
LF:21
LH:21
BRDA:42,1,0,5
BRDA:42,1,1,27
BRDA:48,2,0,16
BRDA:48,2,1,16
BRF:4
BRH:4
end_of_record
TN:
SF:C:\node\ZeeSlag\config\database.js
FNF:0
FNH:0
DA:1,1
LF:1
LH:1
BRF:0
BRH:0
end_of_record
TN:
SF:C:\node\ZeeSlag\routes\game.js
FN:9,validateHit
FN:25,(anonymous_2)
FN:29,(anonymous_3)
FN:38,(anonymous_4)
FN:42,(anonymous_5)
FN:60,(anonymous_6)
FN:72,(anonymous_7)
FN:85,(anonymous_8)
FNF:8
FNH:8
FNDA:8,validateHit
FNDA:1,(anonymous_2)
FNDA:1,(anonymous_3)
FNDA:1,(anonymous_4)
FNDA:1,(anonymous_5)
FNDA:8,(anonymous_6)
FNDA:4,(anonymous_7)
FNDA:2,(anonymous_8)
DA:1,1
DA:2,1
DA:3,1
DA:5,1
DA:7,1
DA:9,1
DA:11,8
DA:12,7
DA:13,6
DA:14,5
DA:15,4
DA:21,1
DA:27,1
DA:30,1
DA:32,1
DA:40,1
DA:42,1
DA:43,1
DA:45,1
DA:58,1
DA:62,8
DA:65,8
DA:66,8
DA:69,4
DA:71,4
DA:74,4
DA:77,3
DA:78,3
DA:81,3
DA:83,2
DA:84,2
DA:85,2
DA:86,2
DA:87,2
DA:90,1
DA:116,1
LF:36
LH:36
BRDA:11,1,0,1
BRDA:11,1,1,7
BRDA:12,2,0,1
BRDA:12,2,1,6
BRDA:13,3,0,1
BRDA:13,3,1,5
BRDA:14,4,0,1
BRDA:14,4,1,4
BRDA:30,5,0,0
BRDA:30,5,1,1
BRDA:43,6,0,0
BRDA:43,6,1,1
BRDA:66,7,0,4
BRDA:66,7,1,4
BRDA:74,8,0,1
BRDA:74,8,1,3
BRDA:81,9,0,2
BRDA:81,9,1,1
BRF:18
BRH:16
end_of_record
